<?xml version="1.0" encoding="UTF-8"?>
<!-- Generated by org.testng.reporters.JUnitReportReporter -->
<testsuite hostname="DESKTOP-7FN93ST" failures="0" tests="1" name="maginto_lap.Sign_up" time="1.131" errors="0" timestamp="2023-10-23T11:42:34 EET" skipped="0">
  <testcase classname="maginto_lap.Sign_up" name="myTest" time="1.131"/>
  <system-out/>
</testsuite> <!-- maginto_lap.Sign_up -->
